2005.01.20 11:08 B C:\website\writers\index.html --> www.theology.edu /web/writers index.html
2005.01.20 11:09 B C:\website\writers\index.html --> www.theology.edu /web/writers index.html
2005.01.20 11:10 B C:\website\writers\index.html --> www.theology.edu /web/writers index.html
2005.01.20 11:13 B C:\website\writers\index.html --> www.theology.edu /web/writers index.html
2005.01.20 11:14 B C:\website\writers\index.html --> www.theology.edu /web/writers index.html
2005.01.20 11:16 B C:\website\writers\index.html --> www.theology.edu /web/writers index.html
2005.01.20 11:16 B C:\website\writers\index.html --> www.theology.edu /web/writers index.html
2005.01.20 11:17 B C:\website\writers\index.html --> www.theology.edu /web/writers index.html
2005.01.20 11:18 B C:\website\writers\index.html --> www.theology.edu /web/writers index.html
2005.01.20 11:21 B C:\website\writers\index.html --> www.theology.edu /web/writers index.html
2005.04.12 18:56 B C:\website\writers\ --> www.theology.edu /web/writers 
2005.04.12 18:56 B C:\website\writers\index.html --> www.theology.edu /web/writers index.html
2005.04.15 15:09 B C:\website\writers\index.html --> www.theology.edu /web/writers index.html
2005.04.15 23:11 B C:\website\writers\index.htm --> www.theology.edu /web/writers index.htm
2005.04.15 23:11 B C:\website\writers\index2.html --> www.theology.edu /web/writers index2.html
2005.04.15 23:14 B C:\website\writers\index.htm --> www.theology.edu /web/writers index.htm
2005.04.15 23:34 B C:\website\writers\index.htm --> www.theology.edu /web/writers index.htm
2005.04.15 23:56 B C:\website\writers\index.htm --> www.theology.edu /web/writers index.htm
2005.04.16 20:28 B C:\website\writers\index.htm --> www.theology.edu /web/writers index.htm
2005.04.16 22:38 B C:\website\writers\index.htm --> www.theology.edu /web/writers index.htm
2005.04.16 22:55 B C:\website\writers\index.htm --> www.theology.edu /web/writers index.htm
2005.04.16 22:58 B C:\website\writers\index.htm --> www.theology.edu /web/writers index.htm
2005.05.10 08:19 B C:\website\writers\index.htm --> www.theology.edu /web/writers index.htm
2005.05.10 08:20 B C:\website\writers\index.html.doc --> www.theology.edu /web/writers index.html.doc
2005.05.10 08:20 B C:\website\writers\index2.html --> www.theology.edu /web/writers index2.html
2005.05.10 08:20 B C:\website\writers\update.htm --> www.theology.edu /web/writers update.htm
2005.05.10 08:20 B C:\website\writers\WS_FTP.LOG --> www.theology.edu /web/writers WS_FTP.LOG
2005.05.10 08:24 B C:\website\writers\index.htm --> www.theology.edu /web/writers index.htm
2005.05.10 08:24 B C:\website\writers\WS_FTP.LOG --> www.theology.edu /web/writers WS_FTP.LOG
2005.05.10 08:24 B C:\website\writers\~$index.htm --> www.theology.edu /web/writers ~$index.htm
2005.05.10 08:25 B C:\website\writers\index.htm --> www.theology.edu /web/writers index.htm
2005.05.10 08:25 B C:\website\writers\WS_FTP.LOG --> www.theology.edu /web/writers WS_FTP.LOG
2005.05.10 08:30 B C:\website\writers\index.htm --> www.theology.edu /web/writers index.htm
2005.05.10 08:30 B C:\website\writers\WS_FTP.LOG --> www.theology.edu /web/writers WS_FTP.LOG
2005.05.10 08:32 B C:\website\writers\index.htm --> www.theology.edu /web/writers index.htm
2005.11.24 13:12 B C:\website\writers\index.htm --> www.theology.edu /web/writers index.htm
2005.11.24 13:13 B C:\website\writers\index.htm --> www.theology.edu /web/writers index.htm
2006.01.11 13:33 B C:\website\writers\image013.jpg --> www.theology.edu /web/writers image013.jpg
2006.01.11 13:33 B C:\website\writers\pay.htm --> www.theology.edu /web/writers pay.htm
2006.01.11 13:33 B C:\website\writers\registrationform.htm --> www.theology.edu /web/writers registrationform.htm
2006.01.11 13:38 B C:\website\writers\registrationform.htm --> www.theology.edu /web/writers registrationform.htm
2006.01.11 13:40 B C:\website\writers\registrationform.htm --> www.theology.edu /web/writers registrationform.htm
2006.01.11 13:49 B C:\website\writers\registrationform.htm --> www.theology.edu /web/writers registrationform.htm
2006.01.11 14:18 B C:\website\writers\registrationform.htm --> www.theology.edu /web/writers registrationform.htm
2006.01.11 14:46 B C:\website\writers\registrationform.htm --> www.theology.edu /web/writers registrationform.htm
2006.01.11 14:52 B C:\website\writers\registrationform.htm --> www.theology.edu /web/writers registrationform.htm
2006.01.11 14:58 B C:\website\writers\registrationform.htm --> www.theology.edu /web/writers registrationform.htm
2006.01.11 14:58 B C:\website\writers\registrationform.htm --> www.theology.edu /web/writers registrationform.htm
2006.01.11 15:30 B C:\website\writers\image013.jpg --> www.theology.edu /web/cgi-bin image013.jpg
2006.01.11 15:56 B C:\website\writers\index.htm --> www.theology.edu /web/writers index.htm
2006.01.11 16:01 B C:\website\writers\index.htm --> www.theology.edu /web/writers index.htm
2006.01.11 16:20 B C:\website\writers\index.htm --> www.theology.edu /web/writers index.htm
2006.01.11 16:21 B C:\website\writers\index.htm --> www.theology.edu /web/writers index.htm
2006.01.11 16:23 B C:\website\writers\index.htm --> www.theology.edu /web/writers index.htm
2006.01.11 16:24 B C:\website\writers\index.htm --> www.theology.edu /web/writers index.htm
2006.01.11 16:44 B C:\website\writers\index.htm --> www.theology.edu /web/writers index.htm
2006.01.11 16:46 B C:\website\writers\index.htm --> www.theology.edu /web/writers index.htm
2006.01.11 20:51 B C:\website\writers\index.htm --> www.theology.edu /web/writers index.htm
2006.01.11 20:54 B C:\website\writers\index.htm --> www.theology.edu /web/writers/index_files index.htm
2006.01.11 20:55 B C:\website\writers\index.htm --> www.theology.edu /web/writers/index_files index.htm
2006.01.11 20:55 B C:\website\writers\index.htm --> www.theology.edu /web/writers index.htm
2006.01.11 21:08 B C:\website\writers\image015.jpg --> www.theology.edu /web/writers/index_files image015.jpg
2006.01.11 21:08 B C:\website\writers\index.htm --> www.theology.edu /web/writers index.htm
2006.01.11 21:10 B C:\website\writers\index.htm --> www.theology.edu /web/writers index.htm
2006.01.11 21:13 B C:\website\writers\index.htm --> www.theology.edu /web/writers index.htm
2006.01.11 21:18 B C:\website\writers\index.htm --> www.theology.edu /web/writers index.htm
2006.01.11 21:20 B C:\website\writers\index.htm --> www.theology.edu /web/writers index.htm
2006.01.11 21:21 B C:\website\writers\index.htm --> www.theology.edu /web/writers index.htm
2006.01.12 10:27 B C:\website\writers\registrationform.htm --> www.theology.edu /web/writers registrationform.htm
2006.01.26 12:32 B C:\website\writers\index.htm --> www.theology.edu /web/writers index.htm
2006.01.27 10:33 B C:\website\writers\index.htm --> www.theology.edu /web/writers index.htm
2006.01.27 10:36 B C:\website\writers\index.htm --> www.theology.edu /web/writers index.htm
2006.01.27 10:39 B C:\website\writers\index.htm --> www.theology.edu /web/writers index.htm
2006.05.08 15:32 B C:\website\writers\index.htm --> www.theology.edu /web/writers index.htm
2006.05.11 11:24 B C:\website\writers\index.htm --> www.theology.edu /web/writers index.htm
2006.05.11 11:26 B C:\website\writers\index.htm --> www.theology.edu /web/writers index.htm
2006.09.19 19:18 B C:\website\writers\image013.jpg --> 209.221.203.60 /httpdocs/writers image013.jpg
2006.09.19 19:18 B C:\website\writers\image015.jpg --> 209.221.203.60 /httpdocs/writers image015.jpg
2006.09.19 19:18 B C:\website\writers\index.htm --> 209.221.203.60 /httpdocs/writers index.htm
2006.09.19 19:18 B C:\website\writers\index.html.doc --> 209.221.203.60 /httpdocs/writers index.html.doc
2006.09.19 19:18 B C:\website\writers\index2.html --> 209.221.203.60 /httpdocs/writers index2.html
2006.09.19 19:18 B C:\website\writers\pay.htm --> 209.221.203.60 /httpdocs/writers pay.htm
2006.09.19 19:18 B C:\website\writers\POSTDATA.ATT --> 209.221.203.60 /httpdocs/writers POSTDATA.ATT
2006.09.19 19:18 B C:\website\writers\registrationform.htm --> 209.221.203.60 /httpdocs/writers registrationform.htm
2006.09.19 19:18 B C:\website\writers\update.htm --> 209.221.203.60 /httpdocs/writers update.htm
