2006.08.26 14:38 B C:\website\QHCC\announcements.css <-- theology /web/QHCC announcements.css
2006.08.26 14:38 B C:\website\QHCC\announcements.html <-- theology /web/QHCC announcements.html
2006.08.26 14:38 B C:\website\QHCC\christina.jpg <-- theology /web/QHCC christina.jpg
2006.08.26 14:38 B C:\website\QHCC\church.htm <-- theology /web/QHCC church.htm
2006.08.26 14:38 B C:\website\QHCC\churchmap.jpg <-- theology /web/QHCC churchmap.jpg
2006.08.26 14:38 B C:\website\QHCC\dave.jpg <-- theology /web/QHCC dave.jpg
2006.08.26 14:38 B C:\website\QHCC\deacondrew.jpg <-- theology /web/QHCC deacondrew.jpg
2006.08.26 14:38 B C:\website\QHCC\deaconrex.jpg <-- theology /web/QHCC deaconrex.jpg
2006.08.26 14:38 B C:\website\QHCC\deaconrick.jpg <-- theology /web/QHCC deaconrick.jpg
2006.08.26 14:38 B C:\website\QHCC\deaconrobin.jpg <-- theology /web/QHCC deaconrobin.jpg
2006.08.26 14:38 B C:\website\QHCC\deacons.html <-- theology /web/QHCC deacons.html
2006.08.26 14:38 B C:\website\QHCC\deaconsherman.jpg <-- theology /web/QHCC deaconsherman.jpg
2006.08.26 14:38 B C:\website\QHCC\don.jpg <-- theology /web/QHCC don.jpg
2006.08.26 14:38 B C:\website\QHCC\judy.jpg <-- theology /web/QHCC judy.jpg
2006.08.26 14:38 B C:\website\QHCC\kathy.jpg <-- theology /web/QHCC kathy.jpg
2006.08.26 14:38 B C:\website\QHCC\lavannes.jpg <-- theology /web/QHCC lavannes.jpg
2006.08.26 14:38 B C:\website\QHCC\location.html <-- theology /web/QHCC location.html
2006.08.26 14:38 B C:\website\QHCC\musicteam.jpg <-- theology /web/QHCC musicteam.jpg
2006.08.26 14:38 B C:\website\QHCC\people.jpg <-- theology /web/QHCC people.jpg
2006.08.26 14:38 B C:\website\QHCC\people2.jpg <-- theology /web/QHCC people2.jpg
2006.08.26 14:38 B C:\website\QHCC\ruth.jpg <-- theology /web/QHCC ruth.jpg
2006.08.26 14:38 B C:\website\QHCC\sermon.html <-- theology /web/QHCC sermon.html
2006.08.26 14:38 B C:\website\QHCC\stephanie.jpg <-- theology /web/QHCC stephanie.jpg
2006.08.26 14:38 B C:\website\QHCC\whatsup.html <-- theology /web/QHCC whatsup.html
2006.09.19 18:15 B C:\website\QHCC\announcements.html <-- theology /web/QHCC announcements.html
2006.09.19 19:00 B C:\website\QHCC\announcements.css --> 209.221.203.60 /httpdocs/QHCC announcements.css
2006.09.19 19:00 B C:\website\QHCC\announcements.html --> 209.221.203.60 /httpdocs/QHCC announcements.html
2006.09.19 19:00 B C:\website\QHCC\christina.jpg --> 209.221.203.60 /httpdocs/QHCC christina.jpg
2006.09.19 19:00 B C:\website\QHCC\church.htm --> 209.221.203.60 /httpdocs/QHCC church.htm
2006.09.19 19:00 B C:\website\QHCC\churchmap.jpg --> 209.221.203.60 /httpdocs/QHCC churchmap.jpg
2006.09.19 19:00 B C:\website\QHCC\dave.jpg --> 209.221.203.60 /httpdocs/QHCC dave.jpg
2006.09.19 19:00 B C:\website\QHCC\deacondrew.jpg --> 209.221.203.60 /httpdocs/QHCC deacondrew.jpg
2006.09.19 19:00 B C:\website\QHCC\deaconrex.jpg --> 209.221.203.60 /httpdocs/QHCC deaconrex.jpg
2006.09.19 19:00 B C:\website\QHCC\deaconrick.jpg --> 209.221.203.60 /httpdocs/QHCC deaconrick.jpg
2006.09.19 19:00 B C:\website\QHCC\deaconrobin.jpg --> 209.221.203.60 /httpdocs/QHCC deaconrobin.jpg
2006.09.19 19:00 B C:\website\QHCC\deacons.html --> 209.221.203.60 /httpdocs/QHCC deacons.html
2006.09.19 19:00 B C:\website\QHCC\deaconsherman.jpg --> 209.221.203.60 /httpdocs/QHCC deaconsherman.jpg
2006.09.19 19:00 B C:\website\QHCC\don.jpg --> 209.221.203.60 /httpdocs/QHCC don.jpg
2006.09.19 19:00 B C:\website\QHCC\judy.jpg --> 209.221.203.60 /httpdocs/QHCC judy.jpg
2006.09.19 19:00 B C:\website\QHCC\kathy.jpg --> 209.221.203.60 /httpdocs/QHCC kathy.jpg
2006.09.19 19:00 B C:\website\QHCC\lavannes.jpg --> 209.221.203.60 /httpdocs/QHCC lavannes.jpg
2006.09.19 19:00 B C:\website\QHCC\location.html --> 209.221.203.60 /httpdocs/QHCC location.html
2006.09.19 19:00 B C:\website\QHCC\musicteam.jpg --> 209.221.203.60 /httpdocs/QHCC musicteam.jpg
2006.09.19 19:00 B C:\website\QHCC\people.jpg --> 209.221.203.60 /httpdocs/QHCC people.jpg
2006.09.19 19:00 B C:\website\QHCC\people2.jpg --> 209.221.203.60 /httpdocs/QHCC people2.jpg
2006.09.19 19:00 B C:\website\QHCC\ruth.jpg --> 209.221.203.60 /httpdocs/QHCC ruth.jpg
2006.09.19 19:00 B C:\website\QHCC\sermon.html --> 209.221.203.60 /httpdocs/QHCC sermon.html
2006.09.19 19:00 B C:\website\QHCC\stephanie.jpg --> 209.221.203.60 /httpdocs/QHCC stephanie.jpg
2006.09.19 19:00 B C:\website\QHCC\Thumbs.db --> 209.221.203.60 /httpdocs/QHCC Thumbs.db
2006.09.19 19:00 B C:\website\QHCC\whatsup.html --> 209.221.203.60 /httpdocs/QHCC whatsup.html
2006.09.19 19:00 B C:\website\QHCC\WS_FTP.LOG --> 209.221.203.60 /httpdocs/QHCC WS_FTP.LOG
2006.10.10 15:32 B C:\website\QHCC\sermon.html <-- theology /httpdocs/QHCC sermon.html
2006.10.11 16:20 B C:\website\QHCC\sermon.html --> 209.221.203.60 /httpdocs/QHCC sermon.html
2006.10.11 16:46 B C:\website\QHCC\sermon.html --> 209.221.203.60 /httpdocs/QHCC sermon.html
2006.10.11 16:48 B C:\website\QHCC\sermon.html --> 209.221.203.60 /httpdocs/QHCC sermon.html
2007.06.05 16:19 B C:\website\QHCC\AngelTree.html <-- theology /httpdocs/QHCC AngelTree.html
2007.06.05 16:19 B C:\website\QHCC\AngelTree.jpg <-- theology /httpdocs/QHCC AngelTree.jpg
2007.06.05 16:19 B C:\website\QHCC\announcements.css <-- theology /httpdocs/QHCC announcements.css
2007.06.05 16:19 B C:\website\QHCC\announcements.html <-- theology /httpdocs/QHCC announcements.html
2007.06.05 16:19 B C:\website\QHCC\Beth.jpg <-- theology /httpdocs/QHCC Beth.jpg
2007.06.05 16:19 B C:\website\QHCC\BethMission.html <-- theology /httpdocs/QHCC BethMission.html
2007.06.05 16:19 B C:\website\QHCC\BusinessMeeting.html <-- theology /httpdocs/QHCC BusinessMeeting.html
2007.06.05 16:19 B C:\website\QHCC\BusinessMeeting.jpg <-- theology /httpdocs/QHCC BusinessMeeting.jpg
2007.06.05 16:19 B C:\website\QHCC\CalendarApril.png <-- theology /httpdocs/QHCC CalendarApril.png
2007.06.05 16:19 B C:\website\QHCC\CareNet.html <-- theology /httpdocs/QHCC CareNet.html
2007.06.05 16:19 B C:\website\QHCC\CareNet.jpg <-- theology /httpdocs/QHCC CareNet.jpg
2007.06.05 16:19 B C:\website\QHCC\Childrenschurch.html <-- theology /httpdocs/QHCC Childrenschurch.html
2007.06.05 16:19 B C:\website\QHCC\ChildrensChurch.html <-- theology /httpdocs/QHCC ChildrensChurch.html
2007.06.05 16:19 B C:\website\QHCC\ChildrensChurch.jpg <-- theology /httpdocs/QHCC ChildrensChurch.jpg
2007.06.05 16:19 B C:\website\QHCC\christina.jpg <-- theology /httpdocs/QHCC christina.jpg
2007.06.05 16:19 B C:\website\QHCC\church.htm <-- theology /httpdocs/QHCC church.htm
2007.06.05 16:19 B C:\website\QHCC\churchmap.jpg <-- theology /httpdocs/QHCC churchmap.jpg
2007.06.05 16:19 B C:\website\QHCC\Cleaning.html <-- theology /httpdocs/QHCC Cleaning.html
2007.06.05 16:19 B C:\website\QHCC\Cleaning.jpg <-- theology /httpdocs/QHCC Cleaning.jpg
2007.06.05 16:19 B C:\website\QHCC\CleaningSignup.php <-- theology /httpdocs/QHCC CleaningSignup.php
2007.06.05 16:19 B C:\website\QHCC\dave.jpg <-- theology /httpdocs/QHCC dave.jpg
2007.06.05 16:19 B C:\website\QHCC\deacondrew.jpg <-- theology /httpdocs/QHCC deacondrew.jpg
2007.06.05 16:19 B C:\website\QHCC\deaconrex.jpg <-- theology /httpdocs/QHCC deaconrex.jpg
2007.06.05 16:19 B C:\website\QHCC\deaconrick.jpg <-- theology /httpdocs/QHCC deaconrick.jpg
2007.06.05 16:19 B C:\website\QHCC\deaconrobin.jpg <-- theology /httpdocs/QHCC deaconrobin.jpg
2007.06.05 16:19 B C:\website\QHCC\deacons.html <-- theology /httpdocs/QHCC deacons.html
2007.06.05 16:19 B C:\website\QHCC\deaconsherman.jpg <-- theology /httpdocs/QHCC deaconsherman.jpg
2007.06.05 16:19 B C:\website\QHCC\don.jpg <-- theology /httpdocs/QHCC don.jpg
2007.06.05 16:19 B C:\website\QHCC\EstatePlanning.gif <-- theology /httpdocs/QHCC EstatePlanning.gif
2007.06.05 16:19 B C:\website\QHCC\EstatePlanning.html <-- theology /httpdocs/QHCC EstatePlanning.html
2007.06.05 16:19 B C:\website\QHCC\GraceResources.html <-- theology /httpdocs/QHCC GraceResources.html
2007.06.05 16:19 B C:\website\QHCC\GraceResources.jpg <-- theology /httpdocs/QHCC GraceResources.jpg
2007.06.05 16:19 B C:\website\QHCC\HalfDome.jpg <-- theology /httpdocs/QHCC HalfDome.jpg
2007.06.05 16:19 B C:\website\QHCC\HarvestDay.html <-- theology /httpdocs/QHCC HarvestDay.html
2007.06.05 16:19 B C:\website\QHCC\HarvestDay.jpg <-- theology /httpdocs/QHCC HarvestDay.jpg
2007.06.05 16:19 B C:\website\QHCC\HolidayActivities.html <-- theology /httpdocs/QHCC HolidayActivities.html
2007.06.05 16:19 B C:\website\QHCC\IraqiSchoolSupplies.html <-- theology /httpdocs/QHCC IraqiSchoolSupplies.html
2007.06.05 16:19 B C:\website\QHCC\IraqiSchoolSupplies.jpg <-- theology /httpdocs/QHCC IraqiSchoolSupplies.jpg
2007.06.05 16:19 B C:\website\QHCC\judy.jpg <-- theology /httpdocs/QHCC judy.jpg
2007.06.05 16:19 B C:\website\QHCC\kathy.jpg <-- theology /httpdocs/QHCC kathy.jpg
2007.06.05 16:19 B C:\website\QHCC\lavannes.jpg <-- theology /httpdocs/QHCC lavannes.jpg
2007.06.05 16:19 B C:\website\QHCC\location.html <-- theology /httpdocs/QHCC location.html
2007.06.05 16:19 B C:\website\QHCC\LottieMoon.jpg <-- theology /httpdocs/QHCC LottieMoon.jpg
2007.06.05 16:19 B C:\website\QHCC\LottieMoonPrayer.html <-- theology /httpdocs/QHCC LottieMoonPrayer.html
2007.06.05 16:19 B C:\website\QHCC\MensHike.html <-- theology /httpdocs/QHCC MensHike.html
2007.06.05 16:19 B C:\website\QHCC\Ministry.html <-- theology /httpdocs/QHCC Ministry.html
2007.06.05 16:19 B C:\website\QHCC\Ministry.jpg <-- theology /httpdocs/QHCC Ministry.jpg
2007.06.05 16:19 B C:\website\QHCC\musicteam.jpg <-- theology /httpdocs/QHCC musicteam.jpg
2007.06.05 16:19 B C:\website\QHCC\Nutcracker.html <-- theology /httpdocs/QHCC Nutcracker.html
2007.06.05 16:19 B C:\website\QHCC\NutcrackerDuel.jpg <-- theology /httpdocs/QHCC NutcrackerDuel.jpg
2007.06.05 16:19 B C:\website\QHCC\people.jpg <-- theology /httpdocs/QHCC people.jpg
2007.06.05 16:19 B C:\website\QHCC\people2.jpg <-- theology /httpdocs/QHCC people2.jpg
2007.06.05 16:19 B C:\website\QHCC\PiePraise.html <-- theology /httpdocs/QHCC PiePraise.html
2007.06.05 16:19 B C:\website\QHCC\PiePraise.jpg <-- theology /httpdocs/QHCC PiePraise.jpg
2007.06.05 16:19 B C:\website\QHCC\ruth.jpg <-- theology /httpdocs/QHCC ruth.jpg
2007.06.05 16:19 B C:\website\QHCC\stephanie.jpg <-- theology /httpdocs/QHCC stephanie.jpg
2007.06.05 16:19 B C:\website\QHCC\StPetersburgMen.html <-- theology /httpdocs/QHCC StPetersburgMen.html
2007.06.05 16:19 B C:\website\QHCC\StPetersburgMen.jpg <-- theology /httpdocs/QHCC StPetersburgMen.jpg
2007.06.05 16:19 B C:\website\QHCC\TalentShow.html <-- theology /httpdocs/QHCC TalentShow.html
2007.06.05 16:19 B C:\website\QHCC\TalentShow.jpg <-- theology /httpdocs/QHCC TalentShow.jpg
2007.06.05 16:20 B C:\website\QHCC\Thumbs.db <-- theology /httpdocs/QHCC Thumbs.db
2007.11.30 11:37 B C:\website\QHCC\30HourFamine.html <-- theology /httpdocs/QHCC 30HourFamine.html
2007.11.30 11:37 B C:\website\QHCC\about.html <-- theology /httpdocs/QHCC about.html
2007.11.30 11:37 B C:\website\QHCC\AngelTree.html <-- theology /httpdocs/QHCC AngelTree.html
2007.11.30 11:37 B C:\website\QHCC\AngelTree.jpg <-- theology /httpdocs/QHCC AngelTree.jpg
2007.11.30 11:37 B C:\website\QHCC\announcements.css <-- theology /httpdocs/QHCC announcements.css
2007.11.30 11:37 B C:\website\QHCC\announcements.html <-- theology /httpdocs/QHCC announcements.html
2007.11.30 11:37 B C:\website\QHCC\Beth.jpg <-- theology /httpdocs/QHCC Beth.jpg
2007.11.30 11:37 B C:\website\QHCC\BethMission.html <-- theology /httpdocs/QHCC BethMission.html
2007.11.30 11:37 B C:\website\QHCC\Caroling.html <-- theology /httpdocs/QHCC Caroling.html
2007.11.30 11:37 B C:\website\QHCC\Caroling.jpg <-- theology /httpdocs/QHCC Caroling.jpg
2007.11.30 11:37 B C:\website\QHCC\ChildrensChurch.jpg <-- theology /httpdocs/QHCC ChildrensChurch.jpg
2007.11.30 11:37 B C:\website\QHCC\christina.jpg <-- theology /httpdocs/QHCC christina.jpg
2007.11.30 11:37 B C:\website\QHCC\church.htm <-- theology /httpdocs/QHCC church.htm
2007.11.30 11:37 B C:\website\QHCC\churchmap.jpg <-- theology /httpdocs/QHCC churchmap.jpg
2007.11.30 11:37 B C:\website\QHCC\Cleaning.html <-- theology /httpdocs/QHCC Cleaning.html
2007.11.30 11:37 B C:\website\QHCC\Cleaning.jpg <-- theology /httpdocs/QHCC Cleaning.jpg
2007.11.30 11:37 B C:\website\QHCC\CleaningSignup.php <-- theology /httpdocs/QHCC CleaningSignup.php
2007.11.30 11:37 B C:\website\QHCC\contact.html <-- theology /httpdocs/QHCC contact.html
2007.11.30 11:37 B C:\website\QHCC\dave.jpg <-- theology /httpdocs/QHCC dave.jpg
2007.11.30 11:37 B C:\website\QHCC\deacondrew.jpg <-- theology /httpdocs/QHCC deacondrew.jpg
2007.11.30 11:37 B C:\website\QHCC\deaconrex.jpg <-- theology /httpdocs/QHCC deaconrex.jpg
2007.11.30 11:37 B C:\website\QHCC\deaconrick.jpg <-- theology /httpdocs/QHCC deaconrick.jpg
2007.11.30 11:37 B C:\website\QHCC\deaconrobin.jpg <-- theology /httpdocs/QHCC deaconrobin.jpg
2007.11.30 11:37 B C:\website\QHCC\deacons.html <-- theology /httpdocs/QHCC deacons.html
2007.11.30 11:37 B C:\website\QHCC\deaconsherman.jpg <-- theology /httpdocs/QHCC deaconsherman.jpg
2007.11.30 11:37 B C:\website\QHCC\don.jpg <-- theology /httpdocs/QHCC don.jpg
2007.11.30 11:37 B C:\website\QHCC\Element.js <-- theology /httpdocs/QHCC Element.js
2007.11.30 11:37 B C:\website\QHCC\eric.jpg <-- theology /httpdocs/QHCC eric.jpg
2007.11.30 11:37 B C:\website\QHCC\GraceResources.html <-- theology /httpdocs/QHCC GraceResources.html
2007.11.30 11:37 B C:\website\QHCC\GraceResources.jpg <-- theology /httpdocs/QHCC GraceResources.jpg
2007.11.30 11:37 B C:\website\QHCC\HalfDome.jpg <-- theology /httpdocs/QHCC HalfDome.jpg
2007.11.30 11:37 B C:\website\QHCC\HalfDomeHike.html <-- theology /httpdocs/QHCC HalfDomeHike.html
2007.11.30 11:37 B C:\website\QHCC\HalfDomeHike2007.html <-- theology /httpdocs/QHCC HalfDomeHike2007.html
2007.11.30 11:37 B C:\website\QHCC\HarvestDay.html <-- theology /httpdocs/QHCC HarvestDay.html
2007.11.30 11:37 B C:\website\QHCC\HarvestDay.jpg <-- theology /httpdocs/QHCC HarvestDay.jpg
2007.11.30 11:37 B C:\website\QHCC\IndependenceDay.html <-- theology /httpdocs/QHCC IndependenceDay.html
2007.11.30 11:37 B C:\website\QHCC\IndependenceDay.jpg <-- theology /httpdocs/QHCC IndependenceDay.jpg
2007.11.30 11:37 B C:\website\QHCC\index.html <-- theology /httpdocs/QHCC index.html
2007.11.30 11:37 B C:\website\QHCC\IraqiSchoolSupplies.html <-- theology /httpdocs/QHCC IraqiSchoolSupplies.html
2007.11.30 11:37 B C:\website\QHCC\IraqiSchoolSupplies.jpg <-- theology /httpdocs/QHCC IraqiSchoolSupplies.jpg
2007.11.30 11:37 B C:\website\QHCC\judy.jpg <-- theology /httpdocs/QHCC judy.jpg
2007.11.30 11:37 B C:\website\QHCC\kathy.jpg <-- theology /httpdocs/QHCC kathy.jpg
2007.11.30 11:37 B C:\website\QHCC\lavannes.jpg <-- theology /httpdocs/QHCC lavannes.jpg
2007.11.30 11:37 B C:\website\QHCC\location.html <-- theology /httpdocs/QHCC location.html
2007.11.30 11:37 B C:\website\QHCC\LottieMoon.jpg <-- theology /httpdocs/QHCC LottieMoon.jpg
2007.11.30 11:37 B C:\website\QHCC\LottieMoonPrayer.html <-- theology /httpdocs/QHCC LottieMoonPrayer.html
2007.11.30 11:37 B C:\website\QHCC\musicteam.jpg <-- theology /httpdocs/QHCC musicteam.jpg
2007.11.30 11:37 B C:\website\QHCC\Nutcracker.html <-- theology /httpdocs/QHCC Nutcracker.html
2007.11.30 11:37 B C:\website\QHCC\NutcrackerDuel.jpg <-- theology /httpdocs/QHCC NutcrackerDuel.jpg
2007.11.30 11:37 B C:\website\QHCC\Outreach.html <-- theology /httpdocs/QHCC Outreach.html
2007.11.30 11:37 B C:\website\QHCC\people.html <-- theology /httpdocs/QHCC people.html
2007.11.30 11:37 B C:\website\QHCC\People.html <-- theology /httpdocs/QHCC People.html
2007.11.30 11:37 B C:\website\QHCC\people.jpg <-- theology /httpdocs/QHCC people.jpg
2007.11.30 11:37 B C:\website\QHCC\people2.jpg <-- theology /httpdocs/QHCC people2.jpg
2007.11.30 11:37 B C:\website\QHCC\PeopleFlierBack.html <-- theology /httpdocs/QHCC PeopleFlierBack.html
2007.11.30 11:37 B C:\website\QHCC\PeopleFlierBack.png <-- theology /httpdocs/QHCC PeopleFlierBack.png
2007.11.30 11:37 B C:\website\QHCC\PeopleFlierFront.html <-- theology /httpdocs/QHCC PeopleFlierFront.html
2007.11.30 11:37 B C:\website\QHCC\PeopleFlierFront.png <-- theology /httpdocs/QHCC PeopleFlierFront.png
2007.11.30 11:37 B C:\website\QHCC\PeopleVideo.html <-- theology /httpdocs/QHCC PeopleVideo.html
2007.11.30 11:37 B C:\website\QHCC\PeopleVideo.js <-- theology /httpdocs/QHCC PeopleVideo.js
2007.11.30 11:37 B C:\website\QHCC\PiePraise.html <-- theology /httpdocs/QHCC PiePraise.html
2007.11.30 11:37 B C:\website\QHCC\PiePraise.jpg <-- theology /httpdocs/QHCC PiePraise.jpg
2007.11.30 11:37 B C:\website\QHCC\QHCCMap.png <-- theology /httpdocs/QHCC QHCCMap.png
2007.11.30 11:37 B C:\website\QHCC\ruth.jpg <-- theology /httpdocs/QHCC ruth.jpg
2007.11.30 11:37 B C:\website\QHCC\sermon.html <-- theology /httpdocs/QHCC sermon.html
2007.11.30 11:37 B C:\website\QHCC\SermonVideo.js <-- theology /httpdocs/QHCC SermonVideo.js
2007.11.30 11:37 B C:\website\QHCC\service.jpg <-- theology /httpdocs/QHCC service.jpg
2007.11.30 11:37 B C:\website\QHCC\services.html <-- theology /httpdocs/QHCC services.html
2007.11.30 11:37 B C:\website\QHCC\sign.jpg <-- theology /httpdocs/QHCC sign.jpg
2007.11.30 11:37 B C:\website\QHCC\stephanie.jpg <-- theology /httpdocs/QHCC stephanie.jpg
2007.11.30 11:37 B C:\website\QHCC\Survey.html <-- theology /httpdocs/QHCC Survey.html
2007.11.30 11:37 B C:\website\QHCC\Survey.jpg <-- theology /httpdocs/QHCC Survey.jpg
2007.11.30 11:37 B C:\website\QHCC\Tabitha.jpg <-- theology /httpdocs/QHCC Tabitha.jpg
2007.11.30 11:37 B C:\website\QHCC\Tsunami.html <-- theology /httpdocs/QHCC Tsunami.html
2007.11.30 11:37 B C:\website\QHCC\tsunami.jpg <-- theology /httpdocs/QHCC tsunami.jpg
2007.11.30 11:37 B C:\website\QHCC\TsunamiLogo.jpg <-- theology /httpdocs/QHCC TsunamiLogo.jpg
2007.11.30 11:37 B C:\website\QHCC\Video.js <-- theology /httpdocs/QHCC Video.js
2007.11.30 11:37 B C:\website\QHCC\whatsup.html <-- theology /httpdocs/QHCC whatsup.html
2007.11.30 11:37 B C:\website\QHCC\WorkDay.gif <-- theology /httpdocs/QHCC WorkDay.gif
2007.11.30 11:37 B C:\website\QHCC\WorkDay.html <-- theology /httpdocs/QHCC WorkDay.html
2007.11.30 11:37 B C:\website\QHCC\XmasBell.png <-- theology /httpdocs/QHCC XmasBell.png
